<?xml version="1.0" encoding="UTF-8" ?>
<testsuite failures="0" time="0.004" errors="0" skipped="0" tests="4" name="name.marmar.gf.greplog.examplecmd.logparser.LogRecordTest">
  <properties>
[...]
</properties>
  <testcase time="0" classname="name.marmar.gf.greplog.examplecmd.logparser.LogRecordTest" name="testParse"/>
  <testcase time="0" classname="name.marmar.gf.greplog.examplecmd.logparser.LogRecordTest" name="testParseTime"/>
  <testcase time="0.001" classname="name.marmar.gf.greplog.examplecmd.logparser.LogRecordTest" name="testParseLevel"/>
  <testcase time="0.001" classname="name.marmar.gf.greplog.examplecmd.logparser.LogRecordTest" name="testParseCommonMessage"/>
</testsuite>